Flow report for storm
Sun Nov 01 20:08:09 2015
Quartus II 64-Bit Version 13.0.1 Build 232 06/12/2013 Service Pack 1 SJ Web Edition


---------------------
; Table of Contents ;
---------------------
  1. Legal Notice
  2. Flow Summary
  3. Flow Settings
  4. Flow Non-Default Global Settings
  5. Flow Elapsed Time
  6. Flow OS Summary
  7. Flow Log
  8. Flow Messages
  9. Flow Suppressed Messages



----------------
; Legal Notice ;
----------------
Copyright (C) 1991-2013 Altera Corporation
Your use of Altera Corporation's design tools, logic functions 
and other software and tools, and its AMPP partner logic 
functions, and any output files from any of the foregoing 
(including device programming or simulation files), and any 
associated documentation or information are expressly subject 
to the terms and conditions of the Altera Program License 
Subscription Agreement, Altera MegaCore Function License 
Agreement, or other applicable license agreement, including, 
without limitation, that your use is for the sole purpose of 
programming logic devices manufactured by Altera and sold by 
Altera or its authorized distributors.  Please refer to the 
applicable agreement for further details.



+--------------------------------------------------------------------------------------+
; Flow Summary                                                                         ;
+------------------------------------+-------------------------------------------------+
; Flow Status                        ; Successful - Sun Nov 01 20:07:50 2015           ;
; Quartus II 64-Bit Version          ; 13.0.1 Build 232 06/12/2013 SP 1 SJ Web Edition ;
; Revision Name                      ; storm                                           ;
; Top-level Entity Name              ; STORM_SoC_basic                                 ;
; Family                             ; Cyclone IV E                                    ;
; Device                             ; EP4CE22F17C6                                    ;
; Timing Models                      ; Final                                           ;
; Total logic elements               ; 14,244 / 22,320 ( 64 % )                        ;
;     Total combinational functions  ; 12,306 / 22,320 ( 55 % )                        ;
;     Dedicated logic registers      ; 6,318 / 22,320 ( 28 % )                         ;
; Total registers                    ; 6318                                            ;
; Total pins                         ; 99 / 154 ( 64 % )                               ;
; Total virtual pins                 ; 0                                               ;
; Total memory bits                  ; 409,856 / 608,256 ( 67 % )                      ;
; Embedded Multiplier 9-bit elements ; 6 / 132 ( 5 % )                                 ;
; Total PLLs                         ; 1 / 4 ( 25 % )                                  ;
+------------------------------------+-------------------------------------------------+


+-----------------------------------------+
; Flow Settings                           ;
+-------------------+---------------------+
; Option            ; Setting             ;
+-------------------+---------------------+
; Start date & time ; 11/01/2015 20:03:12 ;
; Main task         ; Compilation         ;
; Revision Name     ; storm               ;
+-------------------+---------------------+


+--------------------------------------------------------------------------------------------------------------------------------------------+
; Flow Non-Default Global Settings                                                                                                           ;
+-------------------------------------+-------------------------------------------------------+---------------+-----------------+------------+
; Assignment Name                     ; Value                                                 ; Default Value ; Entity Name     ; Section Id ;
+-------------------------------------+-------------------------------------------------------+---------------+-----------------+------------+
; COMPILER_SIGNATURE_ID               ; 102200632297193.144643699207716                       ; --            ; --              ; --         ;
; ENABLE_SIGNALTAP                    ; Off                                                   ; --            ; --              ; --         ;
; IP_TOOL_NAME                        ; ALTPLL                                                ; --            ; --              ; --         ;
; IP_TOOL_VERSION                     ; 13.0                                                  ; --            ; --              ; --         ;
; MAX_CORE_JUNCTION_TEMP              ; 85                                                    ; --            ; --              ; --         ;
; MIN_CORE_JUNCTION_TEMP              ; 0                                                     ; --            ; --              ; --         ;
; MISC_FILE                           ; system_pll.cmp                                        ; --            ; --              ; --         ;
; MISC_FILE                           ; system_pll.ppf                                        ; --            ; --              ; --         ;
; PARTITION_COLOR                     ; 16764057                                              ; --            ; STORM_SoC_basic ; Top        ;
; PARTITION_FITTER_PRESERVATION_LEVEL ; PLACEMENT_AND_ROUTING                                 ; --            ; STORM_SoC_basic ; Top        ;
; PARTITION_NETLIST_TYPE              ; SOURCE                                                ; --            ; STORM_SoC_basic ; Top        ;
; POWER_BOARD_THERMAL_MODEL           ; None (CONSERVATIVE)                                   ; --            ; --              ; --         ;
; POWER_PRESET_COOLING_SOLUTION       ; 23 MM HEAT SINK WITH 200 LFPM AIRFLOW                 ; --            ; --              ; --         ;
; SEARCH_PATH                         ; storm_core/rtl/                                       ; --            ; --              ; --         ;
; SEARCH_PATH                         ; storm_soc/basic_system/rtl/                           ; --            ; --              ; --         ;
; SEARCH_PATH                         ; storm_soc/components/boot_rom/rtl/                    ; --            ; --              ; --         ;
; SEARCH_PATH                         ; storm_soc/components/i2c_controller/rtl/vhdl/         ; --            ; --              ; --         ;
; SEARCH_PATH                         ; storm_soc/components/io_controller/rtl/               ; --            ; --              ; --         ;
; SEARCH_PATH                         ; storm_soc/components/miniuart/rtl/vhdl/               ; --            ; --              ; --         ;
; SEARCH_PATH                         ; storm_soc/components/pwm_controller/rtl/              ; --            ; --              ; --         ;
; SEARCH_PATH                         ; storm_soc/components/reset_protector/rtl/             ; --            ; --              ; --         ;
; SEARCH_PATH                         ; storm_soc/components/spi_controller/rtl/verilog/      ; --            ; --              ; --         ;
; SEARCH_PATH                         ; storm_soc/components/sram_memory/rtl/                 ; --            ; --              ; --         ;
; SEARCH_PATH                         ; storm_soc/components/timer/rtl/                       ; --            ; --              ; --         ;
; SEARCH_PATH                         ; storm_soc/components/vector_interrupt_controller/rtl/ ; --            ; --              ; --         ;
; SEARCH_PATH                         ; storm_soc/components/wb_sdram_ctrl/                   ; --            ; --              ; --         ;
; SLD_FILE                            ; sdram_auto_stripped.stp                               ; --            ; --              ; --         ;
; TOP_LEVEL_ENTITY                    ; STORM_SoC_basic                                       ; storm         ; --              ; --         ;
; USE_SIGNALTAP_FILE                  ; sdram.stp                                             ; --            ; --              ; --         ;
+-------------------------------------+-------------------------------------------------------+---------------+-----------------+------------+


+-------------------------------------------------------------------------------------------------------------------------------+
; Flow Elapsed Time                                                                                                             ;
+---------------------------+--------------+-------------------------+---------------------+------------------------------------+
; Module Name               ; Elapsed Time ; Average Processors Used ; Peak Virtual Memory ; Total CPU Time (on all processors) ;
+---------------------------+--------------+-------------------------+---------------------+------------------------------------+
; Analysis & Synthesis      ; 00:01:53     ; 1.0                     ; 662 MB              ; 00:01:45                           ;
; Fitter                    ; 00:02:28     ; 1.9                     ; 1293 MB             ; 00:03:33                           ;
; Assembler                 ; 00:00:04     ; 1.0                     ; 455 MB              ; 00:00:04                           ;
; TimeQuest Timing Analyzer ; 00:00:18     ; 1.6                     ; 693 MB              ; 00:00:22                           ;
; Total                     ; 00:04:43     ; --                      ; --                  ; 00:05:44                           ;
+---------------------------+--------------+-------------------------+---------------------+------------------------------------+


+----------------------------------------------------------------------------------------+
; Flow OS Summary                                                                        ;
+---------------------------+------------------+-----------+------------+----------------+
; Module Name               ; Machine Hostname ; OS Name   ; OS Version ; Processor type ;
+---------------------------+------------------+-----------+------------+----------------+
; Analysis & Synthesis      ; jh-PC            ; Windows 7 ; 6.1        ; x86_64         ;
; Fitter                    ; jh-PC            ; Windows 7 ; 6.1        ; x86_64         ;
; Assembler                 ; jh-PC            ; Windows 7 ; 6.1        ; x86_64         ;
; TimeQuest Timing Analyzer ; jh-PC            ; Windows 7 ; 6.1        ; x86_64         ;
+---------------------------+------------------+-----------+------------+----------------+


------------
; Flow Log ;
------------
quartus_map --read_settings_files=on --write_settings_files=off storm_sdram -c storm
quartus_fit --read_settings_files=off --write_settings_files=off storm_sdram -c storm
quartus_asm --read_settings_files=off --write_settings_files=off storm_sdram -c storm
quartus_sta storm_sdram -c storm



