   1              	# 1 "build/storm_boot_startup_code.S"
   2              	# 1 "<built-in>"
   1              	        .global main                    // int main(void)
   0              	
   0              	
   2              	        .global main                    // int main(void)
   3              	
   4              	        .global _etext                  // -> .data initial values in ROM
   5              	        .global _data                   // -> .data area in RAM
   6              	        .global _edata                  // end of .data area
   7              	        .global __bss_start             // -> .bss area in RAM
   8              	        .global __bss_end__             // end of .bss area
   9              	        .global _stack                  // top of stack
  10              	
  11              	// Stack Sizes
  12              	        .set  UND_STACK_SIZE, 0x00000080
  13              	        .set  ABT_STACK_SIZE, 0x00000080
  14              	        .set  FIQ_STACK_SIZE, 0x00000080
  15              	        .set  IRQ_STACK_SIZE, 0X00000080
  16              	        .set  SVC_STACK_SIZE, 0x00000080
  17              	
  18              	// Standard definitions of Mode bits and Interrupt flags in MSRs
  19              	        .set  MODE_USR, 0x10            // User Mode
  20              	        .set  MODE_FIQ, 0x11            // FIQ Mode
  21              	        .set  MODE_IRQ, 0x12            // IRQ Mode
  22              	        .set  MODE_SVC, 0x13            // Supervisor Mode
  23              	        .set  MODE_ABT, 0x17            // Abort Mode
  24              	        .set  MODE_UND, 0x1B            // Undefined Mode
  25              	        .set  MODE_SYS, 0x1F            // System Mode
  26              	
  27              	        .equ  FIQ_BIT, 0x40             // when FIQ bit is set, FIQ is disabled
  28              	        .equ  IRQ_BIT, 0x80             // when IRQ bit is set, IRQ is disabled
  29              	
  30              	        .text
  31              	        .code 32
  32              	        .align 2
  33              	
  34              	        .global _boot
  35              	        .func   _boot
  36              	_boot:
  37              	
  38              	// Runtime Interrupt Vectors
  39              	// -------------------------------------------------------------------
  40 0000 EAFFFFFE 	Vectors:
  41 0004 EAFFFFFE 	        b     _start                    // reset - _start
  42 0008 EAFFFFFE 	        b     .                         // undefined
  43 000c EAFFFFFE 	        b     .                         // SWI
  44 0010 EAFFFFFE 	        b     .                         // program abort
  45 0014 E1A00000 	        b     .                         // data abort
  46 0018 EAFFFFFE 	        nop                             // reserved
  47 001c EAFFFFFE 	        b     .                     	// IRQ
  48              	        b     .                         // FIQ
  49              	
  51              	        .endfunc
  52              	
  53              	
  54              	// Setup the operating mode & stack.
  55              	// -------------------------------------------------------------------
  56              	        .global _start, start, _mainCRTStartup
  57              	        .func   _start
  58              	
  59              	_start:
  60              	start:
  61              	_mainCRTStartup:
  62              	
  63              	// Who am I? Where am I going?
  64              	
  65              	// - Set stack location for system mode with interrupts disabled
  66 0020 E59F0040 	// -------------------------------------------------------------------
  67 0024 E10F1000 	        ldr   r0,=_stack                    // Calc stack base
  68 0028 E3C1107F 			mrs   r1,CPSR
  69 002c E38110DF 			bic   r1,r1,#0x7F
  70 0030 E129F001 	        orr   r1,r1,#MODE_SYS|IRQ_BIT|FIQ_BIT  // Change to System Mode
  71 0034 E1A0D000 	        msr   CPSR,r1
  72              	        mov   sp,r0                         // Store stack base
  73              	
  74              	
  75              	// Call main program: main(0)
  76 0038 E3A00000 	// -------------------------------------------------------------------
  77 003c E1A01000 	        mov   r0,#0                     // no arguments (argc = 0)
  78 0040 E1A02000 	        mov   r1,r0
  79 0044 E1A0B000 	        mov   r2,r0
  80 0048 E1A07000 	        mov   fp,r0                     // null frame pointer
  81 004c E59FA018 	        mov   r7,r0                     // null frame pointer for thumb
  82 0050 E1A0E00F 	        ldr   r10,=main
  83 0054 E1A0F00A 	        mov   lr,pc
  84              	        mov   pc, r10                   // enter main()
  85              	
  87              	        .endfunc
  88              	
  89              	/*		.globl _jump_to_program */
  90              		.global _jump_to_program
  91              		.func   _jump_to_program
  92              	_jump_to_program:
  93              	 
  94              	        @ ----------------------------------------------
  95              	        @ jump to start of program in svc mode with interrupts disabled
  96 0058 E1A04000 	        @ ----------------------------------------------
  97              	        mov     r4, r0
  98 005c E3A00000 	      @  orr     r4, #0x0c000003
  99 0060 E1A0F004 	        mov     r0, #0  
 100              	        mov     pc, r4
 101              	    .endfunc
 102              			
 103              			
 104              			
 105              	        .global _reset, reset, exit, abort
 106              	        .func   _reset
 107              	_reset:
 108              	reset:
 109              	exit:
 110              	abort:
 111 0064 EAFFFFFE 	
 112              	        b     .                         // loop until reset
 113              	
 115              	        .endfunc
 116 0068 00000000 	
 116      00000000 
DEFINED SYMBOLS
                            *ABS*:00000000 build/storm_boot_startup_code.S
build/storm_boot_startup_code.S:11     *ABS*:00000080 UND_STACK_SIZE
build/storm_boot_startup_code.S:12     *ABS*:00000080 ABT_STACK_SIZE
build/storm_boot_startup_code.S:13     *ABS*:00000080 FIQ_STACK_SIZE
build/storm_boot_startup_code.S:14     *ABS*:00000080 IRQ_STACK_SIZE
build/storm_boot_startup_code.S:15     *ABS*:00000080 SVC_STACK_SIZE
build/storm_boot_startup_code.S:18     *ABS*:00000010 MODE_USR
build/storm_boot_startup_code.S:19     *ABS*:00000011 MODE_FIQ
build/storm_boot_startup_code.S:20     *ABS*:00000012 MODE_IRQ
build/storm_boot_startup_code.S:21     *ABS*:00000013 MODE_SVC
build/storm_boot_startup_code.S:22     *ABS*:00000017 MODE_ABT
build/storm_boot_startup_code.S:23     *ABS*:0000001b MODE_UND
build/storm_boot_startup_code.S:24     *ABS*:0000001f MODE_SYS
build/storm_boot_startup_code.S:26     *ABS*:00000040 FIQ_BIT
build/storm_boot_startup_code.S:27     *ABS*:00000080 IRQ_BIT
build/storm_boot_startup_code.S:30     .text:00000000 $a
build/storm_boot_startup_code.S:35     .text:00000000 _boot
build/storm_boot_startup_code.S:39     .text:00000000 Vectors
build/storm_boot_startup_code.S:58     .text:00000020 _start
build/storm_boot_startup_code.S:59     .text:00000020 start
build/storm_boot_startup_code.S:60     .text:00000020 _mainCRTStartup
build/storm_boot_startup_code.S:91     .text:00000058 _jump_to_program
build/storm_boot_startup_code.S:106    .text:00000064 _reset
build/storm_boot_startup_code.S:107    .text:00000064 reset
build/storm_boot_startup_code.S:108    .text:00000064 exit
build/storm_boot_startup_code.S:109    .text:00000064 abort
build/storm_boot_startup_code.S:116    .text:00000068 $d

UNDEFINED SYMBOLS
main
_etext
_data
_edata
__bss_start
__bss_end__
_stack
